<?xml version="1.0" encoding="UTF-8"?>
<testsuite name="com.hotelreservation.HotelReservationTest" tests="1" skipped="0" failures="0" errors="0" timestamp="2021-05-12T12:22:29" hostname="DESKTOP-45808RR" time="0.004">
  <properties/>
  <testcase name="WhenHostelsAreAddedReturnSize" classname="com.hotelreservation.HotelReservationTest" time="0.004"/>
  <system-out><![CDATA[]]></system-out>
  <system-err><![CDATA[]]></system-err>
</testsuite>
