<?xml version="1.0" encoding="UTF-8"?>
<testsuite name="com.hotelreservation.HotelReservationTest" tests="1" skipped="0" failures="0" errors="0" timestamp="2021-05-16T10:50:06" hostname="DESKTOP-45808RR" time="0.034">
  <properties/>
  <testcase name="WhenHostelsAreAddedFindCheapestHotelBasedOnWeekDayAndWeekEndRates" classname="com.hotelreservation.HotelReservationTest" time="0.034"/>
  <system-out><![CDATA[]]></system-out>
  <system-err><![CDATA[]]></system-err>
</testsuite>
