<?xml version="1.0" encoding="UTF-8"?>
<testsuite name="com.hotelreservation.HotelReservationTest" tests="1" skipped="0" failures="0" errors="0" timestamp="2021-05-16T11:00:15" hostname="DESKTOP-45808RR" time="0.006">
  <properties/>
  <testcase name="WhenHostelsAreAddedWithRatingsShouldPassTest" classname="com.hotelreservation.HotelReservationTest" time="0.006"/>
  <system-out><![CDATA[]]></system-out>
  <system-err><![CDATA[]]></system-err>
</testsuite>
